Dataset/Injected_Faults/OneBusAway/onebusaway-android-Defeito-2/onebusaway-android/build/outputs/logs/manifest-merger-agencyX-google-debug-report.txt
-- Merging decision tree log ---
permission#org.agencyx.android.permission.TRIP_SERVICE
INJECTED from src/main/AndroidManifest.xml:20:5-24:47
	android:label
		ADDED from src/main/AndroidManifest.xml:22:13-60
	android:protectionLevel
		ADDED from src/main/AndroidManifest.xml:24:13-45
	android:description
		ADDED from src/main/AndroidManifest.xml:23:13-72
	android:name
		INJECTED from src/main/AndroidManifest.xml
		ADDED from src/main/AndroidManifest.xml:21:13-68
uses-permission#org.agencyx.android.permission.TRIP_SERVICE
INJECTED from src/main/AndroidManifest.xml:37:5-80
	android:name
		INJECTED from src/main/AndroidManifest.xml
		ADDED from src/main/AndroidManifest.xml:37:22-77
provider#org.onebusaway.android.provider.ObaProvider
INJECTED from src/main/AndroidManifest.xml:249:9-251:61
	android:authorities
		INJECTED from src/main/AndroidManifest.xml
		ADDED from src/main/AndroidManifest.xml:251:17-59
	android:name
		ADDED from src/main/AndroidManifest.xml:250:17-75
service#org.onebusaway.android.tripservice.TripService
INJECTED from src/main/AndroidManifest.xml:253:9-261:19
	android:exported
		ADDED from src/main/AndroidManifest.xml:256:13-36
	android:permission
		INJECTED from src/main/AndroidManifest.xml
		ADDED from src/main/AndroidManifest.xml:255:17-78
	android:name
		ADDED from src/main/AndroidManifest.xml:254:17-56
action#org.agencyx.android.AlarmReceiver
INJECTED from src/main/AndroidManifest.xml:258:17-72
	android:name
		INJECTED from src/main/AndroidManifest.xml
		ADDED from src/main/AndroidManifest.xml:258:25-70
action#org.agencyx.android.BootstrapService
INJECTED from src/main/AndroidManifest.xml:259:17-75
	android:name
		INJECTED from src/main/AndroidManifest.xml
		ADDED from src/main/AndroidManifest.xml:259:25-73
action#org.agencyx.android.action.SCHEDULE
INJECTED from src/main/AndroidManifest.xml:275:17-74
	android:name
		INJECTED from src/main/AndroidManifest.xml
		ADDED from src/main/AndroidManifest.xml:275:25-72
action#org.agencyx.android.action.POLL
INJECTED from src/main/AndroidManifest.xml:276:17-70
	android:name
		INJECTED from src/main/AndroidManifest.xml
		ADDED from src/main/AndroidManifest.xml:276:25-68
action#org.agencyx.android.directions.action.START_CHECKS
INJECTED from src/main/AndroidManifest.xml:314:17-89
	android:name
		INJECTED from src/main/AndroidManifest.xml
		ADDED from src/main/AndroidManifest.xml:314:25-87
action#org.agencyx.android.directions.action.CHECK
INJECTED from src/main/AndroidManifest.xml:315:17-82
	android:name
		INJECTED from src/main/AndroidManifest.xml
		ADDED from src/main/AndroidManifest.xml:315:25-80
manifest
ADDED from src/main/AndroidManifest.xml:18:1-354:12
INJECTED from src/main/AndroidManifest.xml:18:1-354:12
INJECTED from src/main/AndroidManifest.xml:18:1-354:12
INJECTED from src/main/AndroidManifest.xml:18:1-354:12
MERGED from [com.google.android.libraries.places:places-compat:1.1.0] AndroidManifest.xml:2:1-26:12
MERGED from [com.google.android.gms:play-services-places:16.0.0] AndroidManifest.xml:17:1-24:12
MERGED from [com.google.android.gms:play-services-maps:18.0.2] AndroidManifest.xml:17:1-44:12
MERGED from [com.google.firebase:firebase-core:21.0.0] AndroidManifest.xml:2:1-9:12
MERGED from [com.google.firebase:firebase-analytics:21.0.0] AndroidManifest.xml:2:1-9:12
MERGED from [com.google.firebase:firebase-firestore:24.1.2] AndroidManifest.xml:2:1-26:12
MERGED from [com.google.firebase:firebase-auth:21.0.5] AndroidManifest.xml:17:1-73:12
MERGED from [com.google.firebase:firebase-storage:20.0.1] AndroidManifest.xml:15:1-39:12
MERGED from [com.google.android.gms:play-services-location:19.0.1] AndroidManifest.xml:2:1-9:12
MERGED from [com.google.android.material:material:1.1.0] AndroidManifest.xml:17:1-24:12
MERGED from [androidx.lifecycle:lifecycle-extensions:2.0.0] AndroidManifest.xml:17:1-25:12
MERGED from [com.google.android.gms:play-services-clearcut:16.0.0] AndroidManifest.xml:17:1-24:12
MERGED from [com.google.firebase:firebase-appcheck-interop:16.0.0] AndroidManifest.xml:15:1-26:12
MERGED from [com.google.firebase:firebase-database-collection:18.0.1] AndroidManifest.xml:2:1-9:12
MERGED from [com.google.android.gms:play-services-auth-api-phone:17.4.0] AndroidManifest.xml:2:1-7:12
MERGED from [com.google.android.gms:play-services-safetynet:17.0.0] AndroidManifest.xml:17:1-24:12
MERGED from [com.google.android.gms:play-services-phenotype:16.0.0] AndroidManifest.xml:17:1-24:12
MERGED from [com.google.android.gms:play-services-base:18.0.1] AndroidManifest.xml:16:1-24:12
MERGED from [com.google.android.gms:play-services-measurement:21.0.0] AndroidManifest.xml:17:1-46:12
MERGED from [com.google.android.gms:play-services-measurement-api:21.0.0] AndroidManifest.xml:17:1-37:12
MERGED from [com.google.android.gms:play-services-measurement-sdk:21.0.0] AndroidManifest.xml:17:1-25:12
MERGED from [com.google.firebase:firebase-auth-interop:20.0.0] AndroidManifest.xml:2:1-10:12
MERGED from [com.google.firebase:firebase-installations:17.0.1] AndroidManifest.xml:2:1-24:12
MERGED from [com.google.firebase:firebase-common:20.1.1] AndroidManifest.xml:15:1-40:12
MERGED from [com.google.firebase:firebase-installations-interop:17.0.1] AndroidManifest.xml:15:1-23:12
MERGED from [com.google.android.gms:play-services-tasks:18.0.1] AndroidManifest.xml:2:1-6:12
MERGED from [com.google.android.gms:play-services-places-placereport:17.0.0] AndroidManifest.xml:17:1-24:12
MERGED from [com.google.android.gms:play-services-measurement-impl:21.0.0] AndroidManifest.xml:17:1-32:12
MERGED from [com.google.android.gms:play-services-ads-identifier:18.0.0] AndroidManifest.xml:17:1-27:12
MERGED from [com.google.android.gms:play-services-measurement-sdk-api:21.0.0] AndroidManifest.xml:17:1-28:12
MERGED from [com.google.android.gms:play-services-measurement-base:21.0.0] AndroidManifest.xml:2:1-9:12
MERGED from [com.google.android.gms:play-services-stats:17.0.2] AndroidManifest.xml:2:1-9:12
MERGED from [com.google.firebase:firebase-measurement-connector:19.0.0] AndroidManifest.xml:17:1-25:12
MERGED from [com.google.android.gms:play-services-basement:18.0.0] AndroidManifest.xml:16:1-26:12
MERGED from [com.sothree.slidinguppanel:library:3.3.0] AndroidManifest.xml:2:1-11:12
MERGED from [com.github.amlcurran.showcaseview:library:5.4.3] AndroidManifest.xml:17:1-26:12
MERGED from [androidx.legacy:legacy-support-v4:1.0.0] AndroidManifest.xml:17:1-22:12
MERGED from [androidx.constraintlayout:constraintlayout:2.0.0-alpha3] AndroidManifest.xml:2:1-11:12
MERGED from [androidx.appcompat:appcompat:1.1.0] AndroidManifest.xml:17:1-24:12
MERGED from [androidx.viewpager2:viewpager2:1.0.0] AndroidManifest.xml:17:1-24:12
MERGED from [androidx.fragment:fragment:1.4.1] AndroidManifest.xml:17:1-24:12
MERGED from [androidx.activity:activity:1.4.0] AndroidManifest.xml:17:1-24:12
MERGED from [uk.co.markormesher:android-fab:2.2.0] AndroidManifest.xml:2:1-10:12
MERGED from [androidx.cardview:cardview:1.0.0] AndroidManifest.xml:17:1-22:12
MERGED from [androidx.multidex:multidex:2.0.1] AndroidManifest.xml:17:1-22:12
MERGED from [io.grpc:grpc-android:1.44.1] AndroidManifest.xml:2:1-11:12
MERGED from [androidx.work:work-runtime:2.7.1] AndroidManifest.xml:17:1-145:12
MERGED from [androidx.browser:browser:1.4.0] AndroidManifest.xml:17:1-24:12
MERGED from [androidx.core:core-ktx:1.7.0] AndroidManifest.xml:2:1-9:12
MERGED from [androidx.legacy:legacy-support-core-ui:1.0.0] AndroidManifest.xml:17:1-22:12
MERGED from [androidx.viewpager:viewpager:1.0.0] AndroidManifest.xml:17:1-22:12
MERGED from [androidx.legacy:legacy-support-core-utils:1.0.0] AndroidManifest.xml:17:1-22:12
MERGED from [androidx.loader:loader:1.0.0] AndroidManifest.xml:17:1-22:12
MERGED from [androidx.coordinatorlayout:coordinatorlayout:1.1.0] AndroidManifest.xml:17:1-24:12
MERGED from [androidx.transition:transition:1.2.0] AndroidManifest.xml:17:1-24:12
MERGED from [androidx.appcompat:appcompat-resources:1.1.0] AndroidManifest.xml:17:1-24:12
MERGED from [androidx.vectordrawable:vectordrawable-animated:1.1.0] AndroidManifest.xml:17:1-24:12
MERGED from [androidx.vectordrawable:vectordrawable:1.1.0] AndroidManifest.xml:17:1-24:12
MERGED from [androidx.media:media:1.0.0] AndroidManifest.xml:17:1-22:12
MERGED from [androidx.drawerlayout:drawerlayout:1.0.0] AndroidManifest.xml:17:1-22:12
MERGED from [androidx.recyclerview:recyclerview:1.1.0] AndroidManifest.xml:17:1-24:12
MERGED from [androidx.slidingpanelayout:slidingpanelayout:1.0.0] AndroidManifest.xml:17:1-22:12
MERGED from [androidx.customview:customview:1.0.0] AndroidManifest.xml:17:1-22:12
MERGED from [androidx.swiperefreshlayout:swiperefreshlayout:1.0.0] AndroidManifest.xml:17:1-22:12
MERGED from [androidx.asynclayoutinflater:asynclayoutinflater:1.0.0] AndroidManifest.xml:17:1-22:12
MERGED from [androidx.core:core:1.7.0] AndroidManifest.xml:17:1-26:12
MERGED from [com.android.volley:volley:1.1.1] AndroidManifest.xml:2:1-11:12
MERGED from [com.github.bumptech.glide:glide:4.3.1] AndroidManifest.xml:2:1-12:12
MERGED from [com.google.firebase:firebase-components:17.0.0] AndroidManifest.xml:15:1-23:12
MERGED from [androidx.localbroadcastmanager:localbroadcastmanager:1.0.0] AndroidManifest.xml:17:1-22:12
MERGED from [androidx.lifecycle:lifecycle-process:2.0.0] AndroidManifest.xml:17:1-30:12
MERGED from [androidx.lifecycle:lifecycle-service:2.1.0] AndroidManifest.xml:17:1-22:12
MERGED from [androidx.lifecycle:lifecycle-runtime:2.3.1] AndroidManifest.xml:17:1-24:12
MERGED from [androidx.lifecycle:lifecycle-viewmodel-savedstate:2.3.1] AndroidManifest.xml:17:1-24:12
MERGED from [androidx.lifecycle:lifecycle-viewmodel:2.3.1] AndroidManifest.xml:17:1-24:12
MERGED from [androidx.savedstate:savedstate:1.1.0] AndroidManifest.xml:17:1-24:12
MERGED from [androidx.startup:startup-runtime:1.0.0] AndroidManifest.xml:17:1-33:12
MERGED from [androidx.tracing:tracing:1.0.0] AndroidManifest.xml:17:1-24:12
MERGED from [androidx.versionedparcelable:versionedparcelable:1.1.1] AndroidManifest.xml:17:1-27:12
MERGED from [androidx.room:room-runtime:2.2.5] AndroidManifest.xml:17:1-31:12
MERGED from [androidx.sqlite:sqlite-framework:2.1.0] AndroidManifest.xml:17:1-24:12
MERGED from [androidx.sqlite:sqlite:2.1.0] AndroidManifest.xml:17:1-24:12
MERGED from [androidx.interpolator:interpolator:1.0.0] AndroidManifest.xml:17:1-22:12
MERGED from [androidx.lifecycle:lifecycle-livedata:2.1.0] AndroidManifest.xml:17:1-22:12
MERGED from [androidx.lifecycle:lifecycle-livedata-core:2.3.1] AndroidManifest.xml:17:1-24:12
MERGED from [androidx.arch.core:core-runtime:2.1.0] AndroidManifest.xml:17:1-24:12
MERGED from [androidx.cursoradapter:cursoradapter:1.0.0] AndroidManifest.xml:17:1-22:12
MERGED from [androidx.documentfile:documentfile:1.0.0] AndroidManifest.xml:17:1-22:12
MERGED from [androidx.print:print:1.0.0] AndroidManifest.xml:17:1-22:12
MERGED from [com.google.firebase:protolite-well-known-types:18.0.0] AndroidManifest.xml:2:1-11:12
MERGED from [androidx.annotation:annotation-experimental:1.1.0] AndroidManifest.xml:17:1-24:12
	package
		INJECTED from src/main/AndroidManifest.xml
	android:versionName
		INJECTED from src/main/AndroidManifest.xml
	android:versionCode
		INJECTED from src/main/AndroidManifest.xml
	xmlns:android
		ADDED from src/main/AndroidManifest.xml:18:11-69
uses-permission#android.permission.INTERNET
ADDED from src/main/AndroidManifest.xml:26:5-66
MERGED from [com.google.android.libraries.places:places-compat:1.1.0] AndroidManifest.xml:11:5-67
MERGED from [com.google.android.libraries.places:places-compat:1.1.0] AndroidManifest.xml:11:5-67
MERGED from [com.google.android.gms:play-services-maps:18.0.2] AndroidManifest.xml:24:5-67
MERGED from [com.google.android.gms:play-services-maps:18.0.2] AndroidManifest.xml:24:5-67
MERGED from [com.google.firebase:firebase-firestore:24.1.2] AndroidManifest.xml:14:5-67
MERGED from [com.google.firebase:firebase-firestore:24.1.2] AndroidManifest.xml:14:5-67
MERGED from [com.google.firebase:firebase-auth:21.0.5] AndroidManifest.xml:23:5-67
MERGED from [com.google.firebase:firebase-auth:21.0.5] AndroidManifest.xml:23:5-67
MERGED from [com.google.firebase:firebase-storage:20.0.1] AndroidManifest.xml:27:5-67
MERGED from [com.google.firebase:firebase-storage:20.0.1] AndroidManifest.xml:27:5-67
MERGED from [com.google.android.gms:play-services-measurement:21.0.0] AndroidManifest.xml:23:5-67
MERGED from [com.google.android.gms:play-services-measurement:21.0.0] AndroidManifest.xml:23:5-67
MERGED from [com.google.android.gms:play-services-measurement-api:21.0.0] AndroidManifest.xml:22:5-67
MERGED from [com.google.android.gms:play-services-measurement-api:21.0.0] AndroidManifest.xml:22:5-67
MERGED from [com.google.firebase:firebase-installations:17.0.1] AndroidManifest.xml:11:5-67
MERGED from [com.google.firebase:firebase-installations:17.0.1] AndroidManifest.xml:11:5-67
MERGED from [com.google.android.gms:play-services-measurement-impl:21.0.0] AndroidManifest.xml:23:5-67
MERGED from [com.google.android.gms:play-services-measurement-impl:21.0.0] AndroidManifest.xml:23:5-67
MERGED from [com.google.android.gms:play-services-measurement-sdk-api:21.0.0] AndroidManifest.xml:23:5-67
MERGED from [com.google.android.gms:play-services-measurement-sdk-api:21.0.0] AndroidManifest.xml:23:5-67
	android:name
		ADDED from src/main/AndroidManifest.xml:26:22-64
uses-permission#android.permission.ACCESS_COARSE_LOCATION
ADDED from src/main/AndroidManifest.xml:27:5-80
	android:name
		ADDED from src/main/AndroidManifest.xml:27:22-78
uses-permission#android.permission.ACCESS_FINE_LOCATION
ADDED from src/main/AndroidManifest.xml:28:5-78
MERGED from [com.google.android.libraries.places:places-compat:1.1.0] AndroidManifest.xml:9:5-79
MERGED from [com.google.android.libraries.places:places-compat:1.1.0] AndroidManifest.xml:9:5-79
	android:name
		ADDED from src/main/AndroidManifest.xml:28:22-76
uses-permission#android.permission.ACCESS_NETWORK_STATE
ADDED from src/main/AndroidManifest.xml:29:5-78
MERGED from [com.google.android.gms:play-services-maps:18.0.2] AndroidManifest.xml:23:5-79
MERGED from [com.google.android.gms:play-services-maps:18.0.2] AndroidManifest.xml:23:5-79
MERGED from [com.google.firebase:firebase-firestore:24.1.2] AndroidManifest.xml:13:5-79
MERGED from [com.google.firebase:firebase-firestore:24.1.2] AndroidManifest.xml:13:5-79
MERGED from [com.google.firebase:firebase-auth:21.0.5] AndroidManifest.xml:24:5-79
MERGED from [com.google.firebase:firebase-auth:21.0.5] AndroidManifest.xml:24:5-79
MERGED from [com.google.firebase:firebase-storage:20.0.1] AndroidManifest.xml:26:5-79
MERGED from [com.google.firebase:firebase-storage:20.0.1] AndroidManifest.xml:26:5-79
MERGED from [com.google.android.gms:play-services-measurement:21.0.0] AndroidManifest.xml:24:5-79
MERGED from [com.google.android.gms:play-services-measurement:21.0.0] AndroidManifest.xml:24:5-79
MERGED from [com.google.android.gms:play-services-measurement-api:21.0.0] AndroidManifest.xml:23:5-79
MERGED from [com.google.android.gms:play-services-measurement-api:21.0.0] AndroidManifest.xml:23:5-79
MERGED from [com.google.firebase:firebase-installations:17.0.1] AndroidManifest.xml:10:5-79
MERGED from [com.google.firebase:firebase-installations:17.0.1] AndroidManifest.xml:10:5-79
MERGED from [com.google.android.gms:play-services-measurement-impl:21.0.0] AndroidManifest.xml:24:5-79
MERGED from [com.google.android.gms:play-services-measurement-impl:21.0.0] AndroidManifest.xml:24:5-79
MERGED from [com.google.android.gms:play-services-measurement-sdk-api:21.0.0] AndroidManifest.xml:24:5-79
MERGED from [com.google.android.gms:play-services-measurement-sdk-api:21.0.0] AndroidManifest.xml:24:5-79
MERGED from [io.grpc:grpc-android:1.44.1] AndroidManifest.xml:9:5-79
MERGED from [io.grpc:grpc-android:1.44.1] AndroidManifest.xml:9:5-79
MERGED from [androidx.work:work-runtime:2.7.1] AndroidManifest.xml:26:5-79
MERGED from [androidx.work:work-runtime:2.7.1] AndroidManifest.xml:26:5-79
	android:name
		ADDED from src/main/AndroidManifest.xml:29:22-76
uses-permission#android.permission.ACCESS_BACKGROUND_LOCATION
ADDED from src/main/AndroidManifest.xml:30:5-85
	android:name
		ADDED from src/main/AndroidManifest.xml:30:22-82
uses-permission#android.permission.RECEIVE_BOOT_COMPLETED
ADDED from src/main/AndroidManifest.xml:31:5-81
MERGED from [androidx.work:work-runtime:2.7.1] AndroidManifest.xml:27:5-81
MERGED from [androidx.work:work-runtime:2.7.1] AndroidManifest.xml:27:5-81
	android:name
		ADDED from src/main/AndroidManifest.xml:31:22-78
uses-permission#android.permission.WAKE_LOCK
ADDED from src/main/AndroidManifest.xml:32:5-68
MERGED from [com.google.android.gms:play-services-measurement:21.0.0] AndroidManifest.xml:25:5-68
MERGED from [com.google.android.gms:play-services-measurement:21.0.0] AndroidManifest.xml:25:5-68
MERGED from [com.google.android.gms:play-services-measurement-api:21.0.0] AndroidManifest.xml:24:5-68
MERGED from [com.google.android.gms:play-services-measurement-api:21.0.0] AndroidManifest.xml:24:5-68
MERGED from [com.google.android.gms:play-services-measurement-impl:21.0.0] AndroidManifest.xml:25:5-68
MERGED from [com.google.android.gms:play-services-measurement-impl:21.0.0] AndroidManifest.xml:25:5-68
MERGED from [com.google.android.gms:play-services-measurement-sdk-api:21.0.0] AndroidManifest.xml:25:5-68
MERGED from [com.google.android.gms:play-services-measurement-sdk-api:21.0.0] AndroidManifest.xml:25:5-68
MERGED from [androidx.work:work-runtime:2.7.1] AndroidManifest.xml:25:5-68
MERGED from [androidx.work:work-runtime:2.7.1] AndroidManifest.xml:25:5-68
	android:name
		ADDED from src/main/AndroidManifest.xml:32:22-65
uses-permission#android.permission.VIBRATE
ADDED from src/main/AndroidManifest.xml:33:5-66
	android:name
		ADDED from src/main/AndroidManifest.xml:33:22-63
uses-permission#android.permission.READ_EXTERNAL_STORAGE
ADDED from src/main/AndroidManifest.xml:34:5-80
	android:name
		ADDED from src/main/AndroidManifest.xml:34:22-77
uses-permission#android.permission.WRITE_EXTERNAL_STORAGE
ADDED from src/main/AndroidManifest.xml:35:5-81
	android:name
		ADDED from src/main/AndroidManifest.xml:35:22-78
uses-permission#com.android.launcher.permission.INSTALL_SHORTCUT
ADDED from src/main/AndroidManifest.xml:36:5-88
	android:name
		ADDED from src/main/AndroidManifest.xml:36:22-85
uses-permission#android.permission.FOREGROUND_SERVICE
ADDED from src/main/AndroidManifest.xml:38:5-77
MERGED from [androidx.work:work-runtime:2.7.1] AndroidManifest.xml:28:5-77
MERGED from [androidx.work:work-runtime:2.7.1] AndroidManifest.xml:28:5-77
	android:name
		ADDED from src/main/AndroidManifest.xml:38:22-74
uses-permission#com.google.android.gms.permission.ACTIVITY_RECOGNITION
ADDED from src/main/AndroidManifest.xml:40:5-94
	android:name
		ADDED from src/main/AndroidManifest.xml:40:22-91
uses-permission#android.permission.ACTIVITY_RECOGNITION
ADDED from src/main/AndroidManifest.xml:42:5-79
	android:name
		ADDED from src/main/AndroidManifest.xml:42:22-76
uses-permission#android.permission.SCHEDULE_EXACT_ALARM
ADDED from src/main/AndroidManifest.xml:47:5-78
	android:name
		ADDED from src/main/AndroidManifest.xml:47:22-76
application
ADDED from src/main/AndroidManifest.xml:49:5-349:19
INJECTED from src/main/AndroidManifest.xml:49:5-349:19
MERGED from [com.google.android.libraries.places:places-compat:1.1.0] AndroidManifest.xml:13:5-24:19
MERGED from [com.google.android.libraries.places:places-compat:1.1.0] AndroidManifest.xml:13:5-24:19
MERGED from [com.google.android.gms:play-services-places:16.0.0] AndroidManifest.xml:22:5-20
MERGED from [com.google.android.gms:play-services-places:16.0.0] AndroidManifest.xml:22:5-20
MERGED from [com.google.android.gms:play-services-maps:18.0.2] AndroidManifest.xml:36:5-42:19
MERGED from [com.google.android.gms:play-services-maps:18.0.2] AndroidManifest.xml:36:5-42:19
MERGED from [com.google.firebase:firebase-core:21.0.0] AndroidManifest.xml:7:5-20
MERGED from [com.google.firebase:firebase-core:21.0.0] AndroidManifest.xml:7:5-20
MERGED from [com.google.firebase:firebase-analytics:21.0.0] AndroidManifest.xml:7:5-20
MERGED from [com.google.firebase:firebase-analytics:21.0.0] AndroidManifest.xml:7:5-20
MERGED from [com.google.firebase:firebase-firestore:24.1.2] AndroidManifest.xml:16:5-24:19
MERGED from [com.google.firebase:firebase-firestore:24.1.2] AndroidManifest.xml:16:5-24:19
MERGED from [com.google.firebase:firebase-auth:21.0.5] AndroidManifest.xml:26:5-71:19
MERGED from [com.google.firebase:firebase-auth:21.0.5] AndroidManifest.xml:26:5-71:19
MERGED from [com.google.firebase:firebase-storage:20.0.1] AndroidManifest.xml:29:5-37:19
MERGED from [com.google.firebase:firebase-storage:20.0.1] AndroidManifest.xml:29:5-37:19
MERGED from [com.google.android.gms:play-services-location:19.0.1] AndroidManifest.xml:7:5-20
MERGED from [com.google.android.gms:play-services-location:19.0.1] AndroidManifest.xml:7:5-20
MERGED from [com.google.android.material:material:1.1.0] AndroidManifest.xml:22:5-20
MERGED from [com.google.android.material:material:1.1.0] AndroidManifest.xml:22:5-20
MERGED from [androidx.lifecycle:lifecycle-extensions:2.0.0] AndroidManifest.xml:22:5-23:19
MERGED from [androidx.lifecycle:lifecycle-extensions:2.0.0] AndroidManifest.xml:22:5-23:19
MERGED from [com.google.android.gms:play-services-clearcut:16.0.0] AndroidManifest.xml:22:5-20
MERGED from [com.google.android.gms:play-services-clearcut:16.0.0] AndroidManifest.xml:22:5-20
MERGED from [com.google.firebase:firebase-appcheck-interop:16.0.0] AndroidManifest.xml:24:5-20
MERGED from [com.google.firebase:firebase-appcheck-interop:16.0.0] AndroidManifest.xml:24:5-20
MERGED from [com.google.android.gms:play-services-safetynet:17.0.0] AndroidManifest.xml:22:5-20
MERGED from [com.google.android.gms:play-services-safetynet:17.0.0] AndroidManifest.xml:22:5-20
MERGED from [com.google.android.gms:play-services-phenotype:16.0.0] AndroidManifest.xml:22:5-20
MERGED from [com.google.android.gms:play-services-phenotype:16.0.0] AndroidManifest.xml:22:5-20
MERGED from [com.google.android.gms:play-services-base:18.0.1] AndroidManifest.xml:19:5-23:19
MERGED from [com.google.android.gms:play-services-base:18.0.1] AndroidManifest.xml:19:5-23:19
MERGED from [com.google.android.gms:play-services-measurement:21.0.0] AndroidManifest.xml:28:5-44:19
MERGED from [com.google.android.gms:play-services-measurement:21.0.0] AndroidManifest.xml:28:5-44:19
MERGED from [com.google.android.gms:play-services-measurement-api:21.0.0] AndroidManifest.xml:27:5-35:19
MERGED from [com.google.android.gms:play-services-measurement-api:21.0.0] AndroidManifest.xml:27:5-35:19
MERGED from [com.google.android.gms:play-services-measurement-sdk:21.0.0] AndroidManifest.xml:22:5-23:19
MERGED from [com.google.android.gms:play-services-measurement-sdk:21.0.0] AndroidManifest.xml:22:5-23:19
MERGED from [com.google.firebase:firebase-auth-interop:20.0.0] AndroidManifest.xml:7:5-8:19
MERGED from [com.google.firebase:firebase-auth-interop:20.0.0] AndroidManifest.xml:7:5-8:19
MERGED from [com.google.firebase:firebase-installations:17.0.1] AndroidManifest.xml:14:5-22:19
MERGED from [com.google.firebase:firebase-installations:17.0.1] AndroidManifest.xml:14:5-22:19
MERGED from [com.google.firebase:firebase-common:20.1.1] AndroidManifest.xml:25:5-38:19
MERGED from [com.google.firebase:firebase-common:20.1.1] AndroidManifest.xml:25:5-38:19
MERGED from [com.google.android.gms:play-services-tasks:18.0.1] AndroidManifest.xml:5:5-20
MERGED from [com.google.android.gms:play-services-tasks:18.0.1] AndroidManifest.xml:5:5-20
MERGED from [com.google.android.gms:play-services-places-placereport:17.0.0] AndroidManifest.xml:22:5-20
MERGED from [com.google.android.gms:play-services-places-placereport:17.0.0] AndroidManifest.xml:22:5-20
MERGED from [com.google.android.gms:play-services-measurement-impl:21.0.0] AndroidManifest.xml:29:5-30:19
MERGED from [com.google.android.gms:play-services-measurement-impl:21.0.0] AndroidManifest.xml:29:5-30:19
MERGED from [com.google.android.gms:play-services-ads-identifier:18.0.0] AndroidManifest.xml:25:5-20
MERGED from [com.google.android.gms:play-services-ads-identifier:18.0.0] AndroidManifest.xml:25:5-20
MERGED from [com.google.android.gms:play-services-measurement-base:21.0.0] AndroidManifest.xml:7:5-20
MERGED from [com.google.android.gms:play-services-measurement-base:21.0.0] AndroidManifest.xml:7:5-20
MERGED from [com.google.android.gms:play-services-stats:17.0.2] AndroidManifest.xml:7:5-20
MERGED from [com.google.android.gms:play-services-stats:17.0.2] AndroidManifest.xml:7:5-20
MERGED from [com.google.firebase:firebase-measurement-connector:19.0.0] AndroidManifest.xml:22:5-23:19
MERGED from [com.google.firebase:firebase-measurement-connector:19.0.0] AndroidManifest.xml:22:5-23:19
MERGED from [com.google.android.gms:play-services-basement:18.0.0] AndroidManifest.xml:20:5-24:19
MERGED from [com.google.android.gms:play-services-basement:18.0.0] AndroidManifest.xml:20:5-24:19
MERGED from [com.sothree.slidinguppanel:library:3.3.0] AndroidManifest.xml:9:5-20
MERGED from [com.sothree.slidinguppanel:library:3.3.0] AndroidManifest.xml:9:5-20
MERGED from [androidx.constraintlayout:constraintlayout:2.0.0-alpha3] AndroidManifest.xml:9:5-20
MERGED from [androidx.constraintlayout:constraintlayout:2.0.0-alpha3] AndroidManifest.xml:9:5-20
MERGED from [androidx.work:work-runtime:2.7.1] AndroidManifest.xml:30:5-143:19
MERGED from [androidx.work:work-runtime:2.7.1] AndroidManifest.xml:30:5-143:19
MERGED from [androidx.core:core:1.7.0] AndroidManifest.xml:24:5-89
MERGED from [androidx.core:core:1.7.0] AndroidManifest.xml:24:5-89
MERGED from [com.android.volley:volley:1.1.1] AndroidManifest.xml:9:5-20
MERGED from [com.android.volley:volley:1.1.1] AndroidManifest.xml:9:5-20
MERGED from [com.github.bumptech.glide:glide:4.3.1] AndroidManifest.xml:10:5-20
MERGED from [com.github.bumptech.glide:glide:4.3.1] AndroidManifest.xml:10:5-20
MERGED from [androidx.lifecycle:lifecycle-process:2.0.0] AndroidManifest.xml:22:5-28:19
MERGED from [androidx.lifecycle:lifecycle-process:2.0.0] AndroidManifest.xml:22:5-28:19
MERGED from [androidx.startup:startup-runtime:1.0.0] AndroidManifest.xml:25:5-31:19
MERGED from [androidx.startup:startup-runtime:1.0.0] AndroidManifest.xml:25:5-31:19
MERGED from [androidx.versionedparcelable:versionedparcelable:1.1.1] AndroidManifest.xml:24:5-25:19
MERGED from [androidx.versionedparcelable:versionedparcelable:1.1.1] AndroidManifest.xml:24:5-25:19
MERGED from [androidx.room:room-runtime:2.2.5] AndroidManifest.xml:24:5-29:19
MERGED from [androidx.room:room-runtime:2.2.5] AndroidManifest.xml:24:5-29:19
	android:extractNativeLibs
		INJECTED from src/main/AndroidManifest.xml
	android:requestLegacyExternalStorage
		ADDED from src/main/AndroidManifest.xml:56:9-52
	android:appComponentFactory
		ADDED from [androidx.core:core:1.7.0] AndroidManifest.xml:24:18-86
	android:label
		ADDED from src/main/AndroidManifest.xml:53:9-41
	android:icon
		ADDED from src/main/AndroidManifest.xml:52:9-43
	android:allowBackup
		ADDED from src/main/AndroidManifest.xml:50:9-36
	android:theme
		ADDED from src/main/AndroidManifest.xml:54:9-48
	android:networkSecurityConfig
		ADDED from src/main/AndroidManifest.xml:55:9-69
	android:name
		ADDED from src/main/AndroidManifest.xml:51:9-62
meta-data#android.app.default_searchable
ADDED from src/main/AndroidManifest.xml:57:9-59:72
	android:value
		ADDED from src/main/AndroidManifest.xml:59:13-69
	android:name
		ADDED from src/main/AndroidManifest.xml:58:13-58
activity#org.onebusaway.android.ui.SearchActivity
ADDED from src/main/AndroidManifest.xml:61:9-71:20
	android:launchMode
		ADDED from src/main/AndroidManifest.xml:63:13-43
	android:exported
		ADDED from src/main/AndroidManifest.xml:64:13-36
	android:name
		ADDED from src/main/AndroidManifest.xml:62:13-68
intent-filter#action:name:android.intent.action.SEARCH
ADDED from src/main/AndroidManifest.xml:65:13-67:29
action#android.intent.action.SEARCH
ADDED from src/main/AndroidManifest.xml:66:17-71
	android:name
		ADDED from src/main/AndroidManifest.xml:66:25-68
meta-data#android.app.searchable
ADDED from src/main/AndroidManifest.xml:68:13-70:57
	android:resource
		ADDED from src/main/AndroidManifest.xml:70:21-55
	android:name
		ADDED from src/main/AndroidManifest.xml:69:21-58
activity#org.onebusaway.android.ui.HomeActivity
ADDED from src/main/AndroidManifest.xml:73:9-80:20
	android:exported
		ADDED from src/main/AndroidManifest.xml:75:13-36
	android:name
		ADDED from src/main/AndroidManifest.xml:74:17-70
intent-filter#action:name:android.intent.action.MAIN+category:name:android.intent.category.LAUNCHER
ADDED from src/main/AndroidManifest.xml:76:13-79:29
action#android.intent.action.MAIN
ADDED from src/main/AndroidManifest.xml:77:17-68
	android:name
		ADDED from src/main/AndroidManifest.xml:77:25-66
category#android.intent.category.LAUNCHER
ADDED from src/main/AndroidManifest.xml:78:17-76
	android:name
		ADDED from src/main/AndroidManifest.xml:78:27-74
activity#org.onebusaway.android.ui.ArrivalsListActivity
ADDED from src/main/AndroidManifest.xml:81:9-88:20
	android:launchMode
		ADDED from src/main/AndroidManifest.xml:83:17-47
	android:exported
		ADDED from src/main/AndroidManifest.xml:84:13-36
	android:name
		ADDED from src/main/AndroidManifest.xml:82:17-78
intent-filter#action:name:android.intent.action.MAIN
ADDED from src/main/AndroidManifest.xml:85:13-87:29
activity#com.joulespersecond.seattlebusbot.ArrivalsListActivity
ADDED from src/main/AndroidManifest.xml:89:9-96:20
	android:launchMode
		ADDED from src/main/AndroidManifest.xml:91:17-47
	android:exported
		ADDED from src/main/AndroidManifest.xml:92:13-36
	android:name
		ADDED from src/main/AndroidManifest.xml:90:17-86
activity#org.onebusaway.android.ui.StopInfoActivity
ADDED from src/main/AndroidManifest.xml:97:9-102:20
	android:exported
		ADDED from src/main/AndroidManifest.xml:98:13-36
	android:name
		ADDED from src/main/AndroidManifest.xml:97:19-76